d:\面试准备\leetcode\leetcode\debug\vc141.pdb
d:\面试准备\leetcode\leetcode\debug\vc141.idb
d:\面试准备\leetcode\leetcode\debug\源.obj
d:\面试准备\leetcode\leetcode\debug\3sum.obj
d:\面试准备\leetcode\leetcode\debug\longestpalindrome.obj
d:\面试准备\leetcode\leetcode\debug\sum.obj
d:\面试准备\leetcode\leetcode\debug\other.obj
d:\面试准备\leetcode\leetcode\debug\methodimplement.obj
d:\面试准备\leetcode\leetcode\debug\listnode.obj
d:\面试准备\leetcode\leetcode\debug\helper.obj
d:\面试准备\leetcode\leetcode\debug\parentheses.obj
d:\面试准备\leetcode\debug\leetcode.exe
d:\面试准备\leetcode\debug\leetcode.ilk
d:\面试准备\leetcode\debug\leetcode.pdb
d:\面试准备\leetcode\leetcode\debug\leetcode.tlog\cl.command.1.tlog
d:\面试准备\leetcode\leetcode\debug\leetcode.tlog\cl.read.1.tlog
d:\面试准备\leetcode\leetcode\debug\leetcode.tlog\cl.write.1.tlog
d:\面试准备\leetcode\leetcode\debug\leetcode.tlog\link.1684-cvtres.read.1.tlog
d:\面试准备\leetcode\leetcode\debug\leetcode.tlog\link.1684-cvtres.write.1.tlog
d:\面试准备\leetcode\leetcode\debug\leetcode.tlog\link.1684-rc.read.1.tlog
d:\面试准备\leetcode\leetcode\debug\leetcode.tlog\link.1684-rc.write.1.tlog
d:\面试准备\leetcode\leetcode\debug\leetcode.tlog\link.1684.read.1.tlog
d:\面试准备\leetcode\leetcode\debug\leetcode.tlog\link.1684.write.1.tlog
d:\面试准备\leetcode\leetcode\debug\leetcode.tlog\link.command.1.tlog
d:\面试准备\leetcode\leetcode\debug\leetcode.tlog\link.read.1.tlog
d:\面试准备\leetcode\leetcode\debug\leetcode.tlog\link.write.1.tlog
